<?xml version="1.0" encoding="UTF-8"?>
<testsuite name="com.seokhan.book.springboot.domain.posts.PostsRepositoryTest" tests="2" skipped="0" failures="0" errors="0" timestamp="2021-05-22T06:53:29" hostname="seokhanui-MacBookPro.local" time="0.014">
  <properties/>
  <testcase name="BaseTimeEntity_register" classname="com.seokhan.book.springboot.domain.posts.PostsRepositoryTest" time="0.009"/>
  <testcase name="post_import" classname="com.seokhan.book.springboot.domain.posts.PostsRepositoryTest" time="0.004"/>
  <system-out><![CDATA[2021-05-22 15:53:28.407  INFO 17909 --- [    Test worker] .b.t.c.SpringBootTestContextBootstrapper : Neither @ContextConfiguration nor @ContextHierarchy found for test class [com.seokhan.book.springboot.domain.posts.PostsRepositoryTest], using SpringBootContextLoader
2021-05-22 15:53:28.407  INFO 17909 --- [    Test worker] o.s.t.c.support.AbstractContextLoader    : Could not detect default resource locations for test class [com.seokhan.book.springboot.domain.posts.PostsRepositoryTest]: no resource found for suffixes {-context.xml, Context.groovy}.
2021-05-22 15:53:28.407  INFO 17909 --- [    Test worker] t.c.s.AnnotationConfigContextLoaderUtils : Could not detect default configuration classes for test class [com.seokhan.book.springboot.domain.posts.PostsRepositoryTest]: PostsRepositoryTest does not declare any static, non-private, non-final, nested classes annotated with @Configuration.
2021-05-22 15:53:28.410  INFO 17909 --- [    Test worker] .b.t.c.SpringBootTestContextBootstrapper : Found @SpringBootConfiguration com.seokhan.book.springboot.Application for test class com.seokhan.book.springboot.domain.posts.PostsRepositoryTest
2021-05-22 15:53:28.410  INFO 17909 --- [    Test worker] .b.t.c.SpringBootTestContextBootstrapper : Loaded default TestExecutionListener class names from location [META-INF/spring.factories]: [org.springframework.security.test.context.support.WithSecurityContextTestExecutionListener, org.springframework.security.test.context.support.ReactorContextTestExecutionListener, org.springframework.boot.test.autoconfigure.restdocs.RestDocsTestExecutionListener, org.springframework.boot.test.autoconfigure.web.client.MockRestServiceServerResetTestExecutionListener, org.springframework.boot.test.autoconfigure.web.servlet.MockMvcPrintOnlyOnFailureTestExecutionListener, org.springframework.boot.test.autoconfigure.web.servlet.WebDriverTestExecutionListener, org.springframework.boot.test.mock.mockito.MockitoTestExecutionListener, org.springframework.boot.test.mock.mockito.ResetMocksTestExecutionListener, org.springframework.test.context.web.ServletTestExecutionListener, org.springframework.test.context.support.DirtiesContextBeforeModesTestExecutionListener, org.springframework.test.context.support.DependencyInjectionTestExecutionListener, org.springframework.test.context.support.DirtiesContextTestExecutionListener, org.springframework.test.context.transaction.TransactionalTestExecutionListener, org.springframework.test.context.jdbc.SqlScriptsTestExecutionListener]
2021-05-22 15:53:28.411  INFO 17909 --- [    Test worker] .b.t.c.SpringBootTestContextBootstrapper : Using TestExecutionListeners: [org.springframework.test.context.web.ServletTestExecutionListener@5c2b886d, org.springframework.test.context.support.DirtiesContextBeforeModesTestExecutionListener@3ca9471c, org.springframework.boot.test.mock.mockito.MockitoTestExecutionListener@4f5a5a5b, org.springframework.boot.test.autoconfigure.SpringBootDependencyInjectionTestExecutionListener@d35ca82, org.springframework.test.context.support.DirtiesContextTestExecutionListener@d5d43a9, org.springframework.test.context.transaction.TransactionalTestExecutionListener@7bba74b9, org.springframework.test.context.jdbc.SqlScriptsTestExecutionListener@66af7117, org.springframework.security.test.context.support.WithSecurityContextTestExecutionListener@456dd69a, org.springframework.security.test.context.support.ReactorContextTestExecutionListener@22ca9595, org.springframework.boot.test.autoconfigure.restdocs.RestDocsTestExecutionListener@a7d22c9, org.springframework.boot.test.autoconfigure.web.client.MockRestServiceServerResetTestExecutionListener@17c7cd58, org.springframework.boot.test.autoconfigure.web.servlet.MockMvcPrintOnlyOnFailureTestExecutionListener@3c35003c, org.springframework.boot.test.autoconfigure.web.servlet.WebDriverTestExecutionListener@4aa54c12, org.springframework.boot.test.mock.mockito.ResetMocksTestExecutionListener@292d44e5]

  .   ____          _            __ _ _
 /\\ / ___'_ __ _ _(_)_ __  __ _ \ \ \ \
( ( )\___ | '_ | '_| | '_ \/ _` | \ \ \ \
 \\/  ___)| |_)| | | | | || (_| |  ) ) ) )
  '  |____| .__|_| |_|_| |_\__, | / / / /
 =========|_|==============|___/=/_/_/_/
 :: Spring Boot ::        (v2.1.7.RELEASE)

2021-05-22 15:53:28.419  INFO 17909 --- [    Test worker] c.s.b.s.d.posts.PostsRepositoryTest      : Starting PostsRepositoryTest on seokhanui-MacBookPro.local with PID 17909 (started by seokhan in /Users/seokhan/Desktop/Sprinter/Spring Framework Core/freelec-springboot2-webservice)
2021-05-22 15:53:28.419  INFO 17909 --- [    Test worker] c.s.b.s.d.posts.PostsRepositoryTest      : No active profile set, falling back to default profiles: default
2021-05-22 15:53:28.508  INFO 17909 --- [    Test worker] .s.d.r.c.RepositoryConfigurationDelegate : Bootstrapping Spring Data repositories in DEFAULT mode.
2021-05-22 15:53:28.514  INFO 17909 --- [    Test worker] .s.d.r.c.RepositoryConfigurationDelegate : Finished Spring Data repository scanning in 6ms. Found 2 repository interfaces.
2021-05-22 15:53:28.553  INFO 17909 --- [    Test worker] trationDelegate$BeanPostProcessorChecker : Bean 'org.springframework.transaction.annotation.ProxyTransactionManagementConfiguration' of type [org.springframework.transaction.annotation.ProxyTransactionManagementConfiguration$$EnhancerBySpringCGLIB$$17217df2] is not eligible for getting processed by all BeanPostProcessors (for example: not eligible for auto-proxying)
2021-05-22 15:53:28.583  INFO 17909 --- [    Test worker] com.zaxxer.hikari.HikariDataSource       : HikariPool-2 - Starting...
2021-05-22 15:53:28.586  INFO 17909 --- [    Test worker] com.zaxxer.hikari.HikariDataSource       : HikariPool-2 - Start completed.
2021-05-22 15:53:28.596  INFO 17909 --- [    Test worker] o.hibernate.jpa.internal.util.LogHelper  : HHH000204: Processing PersistenceUnitInfo [
	name: default
	...]
2021-05-22 15:53:28.599  INFO 17909 --- [    Test worker] org.hibernate.dialect.Dialect            : HHH000400: Using dialect: org.hibernate.dialect.MySQL5Dialect
Hibernate: drop table if exists posts
Hibernate: drop table if exists user
Hibernate: create table posts (id bigint not null auto_increment, created_date datetime, modified_date datetime, author varchar(255), content TEXT not null, title varchar(500) not null, primary key (id)) engine=MyISAM
Hibernate: create table user (id bigint not null auto_increment, created_date datetime, modified_date datetime, email varchar(255) not null, name varchar(255) not null, picture varchar(255), role varchar(255) not null, primary key (id)) engine=MyISAM
2021-05-22 15:53:28.623  INFO 17909 --- [    Test worker] o.h.t.schema.internal.SchemaCreatorImpl  : HHH000476: Executing import script 'org.hibernate.tool.schema.internal.exec.ScriptSourceInputNonExistentImpl@659cf351'
2021-05-22 15:53:28.623  INFO 17909 --- [    Test worker] j.LocalContainerEntityManagerFactoryBean : Initialized JPA EntityManagerFactory for persistence unit 'default'
2021-05-22 15:53:28.705  INFO 17909 --- [    Test worker] o.h.h.i.QueryTranslatorFactoryInitiator  : HHH000397: Using ASTQueryTranslatorFactory
2021-05-22 15:53:28.762  INFO 17909 --- [    Test worker] o.s.s.web.DefaultSecurityFilterChain     : Creating filter chain: any request, [org.springframework.security.web.context.request.async.WebAsyncManagerIntegrationFilter@6e5704aa, org.springframework.security.web.context.SecurityContextPersistenceFilter@65631607, org.springframework.security.web.header.HeaderWriterFilter@102bccff, org.springframework.security.web.authentication.logout.LogoutFilter@4d6b01f1, org.springframework.security.oauth2.client.web.OAuth2AuthorizationRequestRedirectFilter@14be36a0, org.springframework.security.oauth2.client.web.OAuth2LoginAuthenticationFilter@448b1a57, org.springframework.security.web.authentication.ui.DefaultLoginPageGeneratingFilter@3045ead0, org.springframework.security.web.authentication.ui.DefaultLogoutPageGeneratingFilter@2193acb6, org.springframework.security.web.savedrequest.RequestCacheAwareFilter@4c759435, org.springframework.security.web.servletapi.SecurityContextHolderAwareRequestFilter@277e570, org.springframework.security.web.authentication.AnonymousAuthenticationFilter@44fd9512, org.springframework.security.web.session.SessionManagementFilter@6ebb8761, org.springframework.security.web.access.ExceptionTranslationFilter@3f72d9bf, org.springframework.security.web.access.intercept.FilterSecurityInterceptor@28fceef8]
2021-05-22 15:53:28.870  INFO 17909 --- [    Test worker] o.s.s.concurrent.ThreadPoolTaskExecutor  : Initializing ExecutorService 'applicationTaskExecutor'
2021-05-22 15:53:28.877  WARN 17909 --- [    Test worker] aWebConfiguration$JpaWebMvcConfiguration : spring.jpa.open-in-view is enabled by default. Therefore, database queries may be performed during view rendering. Explicitly configure spring.jpa.open-in-view to disable this warning
2021-05-22 15:53:28.888  INFO 17909 --- [    Test worker] o.s.b.a.w.s.WelcomePageHandlerMapping    : Adding welcome page template: index
2021-05-22 15:53:29.031  INFO 17909 --- [    Test worker] s.a.ScheduledAnnotationBeanPostProcessor : No TaskScheduler/ScheduledExecutorService bean found for scheduled processing
2021-05-22 15:53:29.031  INFO 17909 --- [    Test worker] c.s.b.s.d.posts.PostsRepositoryTest      : Started PostsRepositoryTest in 0.62 seconds (JVM running for 4.794)
Hibernate: insert into posts (created_date, modified_date, author, content, title) values (?, ?, ?, ?, ?)
Hibernate: select posts0_.id as id1_0_, posts0_.created_date as created_2_0_, posts0_.modified_date as modified3_0_, posts0_.author as author4_0_, posts0_.content as content5_0_, posts0_.title as title6_0_ from posts posts0_
>>>>>>>>>>>>> createDate=2021-05-22T15:53:29.036, modifiedDate = 2021-05-22T15:53:29.036
Hibernate: select posts0_.id as id1_0_, posts0_.created_date as created_2_0_, posts0_.modified_date as modified3_0_, posts0_.author as author4_0_, posts0_.content as content5_0_, posts0_.title as title6_0_ from posts posts0_
Hibernate: delete from posts where id=?
Hibernate: insert into posts (created_date, modified_date, author, content, title) values (?, ?, ?, ?, ?)
Hibernate: select posts0_.id as id1_0_, posts0_.created_date as created_2_0_, posts0_.modified_date as modified3_0_, posts0_.author as author4_0_, posts0_.content as content5_0_, posts0_.title as title6_0_ from posts posts0_
Hibernate: select posts0_.id as id1_0_, posts0_.created_date as created_2_0_, posts0_.modified_date as modified3_0_, posts0_.author as author4_0_, posts0_.content as content5_0_, posts0_.title as title6_0_ from posts posts0_
Hibernate: delete from posts where id=?
]]></system-out>
  <system-err><![CDATA[]]></system-err>
</testsuite>
