<?xml version="1.0" encoding="UTF-8"?>
<testsuite name="com.seokhan.book.springboot.HelloControllerTest" tests="2" skipped="0" failures="0" errors="0" timestamp="2021-05-22T15:41:37" hostname="seokhanui-MacBookPro.local" time="0.028">
  <properties/>
  <testcase name="helloDto_return" classname="com.seokhan.book.springboot.HelloControllerTest" time="0.023"/>
  <testcase name="hello" classname="com.seokhan.book.springboot.HelloControllerTest" time="0.005"/>
  <system-out><![CDATA[2021-05-23 00:41:37.097  INFO 36737 --- [    Test worker] .b.t.a.w.s.WebMvcTestContextBootstrapper : Neither @ContextConfiguration nor @ContextHierarchy found for test class [com.seokhan.book.springboot.HelloControllerTest], using SpringBootContextLoader
2021-05-23 00:41:37.098  INFO 36737 --- [    Test worker] o.s.t.c.support.AbstractContextLoader    : Could not detect default resource locations for test class [com.seokhan.book.springboot.HelloControllerTest]: no resource found for suffixes {-context.xml, Context.groovy}.
2021-05-23 00:41:37.098  INFO 36737 --- [    Test worker] t.c.s.AnnotationConfigContextLoaderUtils : Could not detect default configuration classes for test class [com.seokhan.book.springboot.HelloControllerTest]: HelloControllerTest does not declare any static, non-private, non-final, nested classes annotated with @Configuration.
2021-05-23 00:41:37.112  INFO 36737 --- [    Test worker] .b.t.c.SpringBootTestContextBootstrapper : Found @SpringBootConfiguration com.seokhan.book.springboot.Application for test class com.seokhan.book.springboot.HelloControllerTest
2021-05-23 00:41:37.112  INFO 36737 --- [    Test worker] .b.t.a.w.s.WebMvcTestContextBootstrapper : Loaded default TestExecutionListener class names from location [META-INF/spring.factories]: [org.springframework.security.test.context.support.WithSecurityContextTestExecutionListener, org.springframework.security.test.context.support.ReactorContextTestExecutionListener, org.springframework.boot.test.autoconfigure.restdocs.RestDocsTestExecutionListener, org.springframework.boot.test.autoconfigure.web.client.MockRestServiceServerResetTestExecutionListener, org.springframework.boot.test.autoconfigure.web.servlet.MockMvcPrintOnlyOnFailureTestExecutionListener, org.springframework.boot.test.autoconfigure.web.servlet.WebDriverTestExecutionListener, org.springframework.boot.test.mock.mockito.MockitoTestExecutionListener, org.springframework.boot.test.mock.mockito.ResetMocksTestExecutionListener, org.springframework.test.context.web.ServletTestExecutionListener, org.springframework.test.context.support.DirtiesContextBeforeModesTestExecutionListener, org.springframework.test.context.support.DependencyInjectionTestExecutionListener, org.springframework.test.context.support.DirtiesContextTestExecutionListener, org.springframework.test.context.transaction.TransactionalTestExecutionListener, org.springframework.test.context.jdbc.SqlScriptsTestExecutionListener]
2021-05-23 00:41:37.112  INFO 36737 --- [    Test worker] .b.t.a.w.s.WebMvcTestContextBootstrapper : Using TestExecutionListeners: [org.springframework.test.context.web.ServletTestExecutionListener@41653978, org.springframework.test.context.support.DirtiesContextBeforeModesTestExecutionListener@2e208548, org.springframework.boot.test.mock.mockito.MockitoTestExecutionListener@49d7e02, org.springframework.boot.test.autoconfigure.SpringBootDependencyInjectionTestExecutionListener@38e78115, org.springframework.test.context.support.DirtiesContextTestExecutionListener@5021d188, org.springframework.test.context.transaction.TransactionalTestExecutionListener@7a811401, org.springframework.test.context.jdbc.SqlScriptsTestExecutionListener@1583083d, org.springframework.security.test.context.support.WithSecurityContextTestExecutionListener@1168dcb1, org.springframework.security.test.context.support.ReactorContextTestExecutionListener@4f9bf285, org.springframework.boot.test.autoconfigure.restdocs.RestDocsTestExecutionListener@3d48d66b, org.springframework.boot.test.autoconfigure.web.client.MockRestServiceServerResetTestExecutionListener@3007f31f, org.springframework.boot.test.autoconfigure.web.servlet.MockMvcPrintOnlyOnFailureTestExecutionListener@675d3cfa, org.springframework.boot.test.autoconfigure.web.servlet.WebDriverTestExecutionListener@7742e54e, org.springframework.boot.test.mock.mockito.ResetMocksTestExecutionListener@cc29e43]

  .   ____          _            __ _ _
 /\\ / ___'_ __ _ _(_)_ __  __ _ \ \ \ \
( ( )\___ | '_ | '_| | '_ \/ _` | \ \ \ \
 \\/  ___)| |_)| | | | | || (_| |  ) ) ) )
  '  |____| .__|_| |_|_| |_\__, | / / / /
 =========|_|==============|___/=/_/_/_/
 :: Spring Boot ::        (v2.1.7.RELEASE)

2021-05-23 00:41:37.127  INFO 36737 --- [    Test worker] c.s.book.springboot.HelloControllerTest  : Starting HelloControllerTest on seokhanui-MacBookPro.local with PID 36737 (started by seokhan in /Users/seokhan/Desktop/Sprinter/Spring Framework Core/freelec-springboot2-webservice)
2021-05-23 00:41:37.128  INFO 36737 --- [    Test worker] c.s.book.springboot.HelloControllerTest  : No active profile set, falling back to default profiles: default
2021-05-23 00:41:37.352  INFO 36737 --- [    Test worker] o.s.s.concurrent.ThreadPoolTaskExecutor  : Initializing ExecutorService 'applicationTaskExecutor'
2021-05-23 00:41:37.367  INFO 36737 --- [    Test worker] o.s.b.a.w.s.WelcomePageHandlerMapping    : Adding welcome page template: index
2021-05-23 00:41:37.458  INFO 36737 --- [    Test worker] .s.s.UserDetailsServiceAutoConfiguration : 

Using generated security password: 54e53067-ae8c-49ec-918e-4359474f93d6

2021-05-23 00:41:37.516  INFO 36737 --- [    Test worker] o.s.s.web.DefaultSecurityFilterChain     : Creating filter chain: any request, [org.springframework.security.web.context.request.async.WebAsyncManagerIntegrationFilter@4aa83f7e, org.springframework.security.web.context.SecurityContextPersistenceFilter@de7f956, org.springframework.security.web.header.HeaderWriterFilter@4efbf557, org.springframework.security.web.csrf.CsrfFilter@104ec24f, org.springframework.security.web.authentication.logout.LogoutFilter@3582f5e8, org.springframework.security.web.authentication.UsernamePasswordAuthenticationFilter@74bf59c9, org.springframework.security.web.authentication.ui.DefaultLoginPageGeneratingFilter@168b39c6, org.springframework.security.web.authentication.ui.DefaultLogoutPageGeneratingFilter@3f72d9bf, org.springframework.security.web.authentication.www.BasicAuthenticationFilter@2ed034ca, org.springframework.security.web.savedrequest.RequestCacheAwareFilter@2779576b, org.springframework.security.web.servletapi.SecurityContextHolderAwareRequestFilter@36b94f9e, org.springframework.security.web.authentication.AnonymousAuthenticationFilter@102bccff, org.springframework.security.web.session.SessionManagementFilter@28411a7d, org.springframework.security.web.access.ExceptionTranslationFilter@4cecdb0a, org.springframework.security.web.access.intercept.FilterSecurityInterceptor@4bf43327]
2021-05-23 00:41:37.523  INFO 36737 --- [    Test worker] o.s.b.t.m.w.SpringBootMockServletContext : Initializing Spring TestDispatcherServlet ''
2021-05-23 00:41:37.523  INFO 36737 --- [    Test worker] o.s.t.web.servlet.TestDispatcherServlet  : Initializing Servlet ''
2021-05-23 00:41:37.527  INFO 36737 --- [    Test worker] o.s.t.web.servlet.TestDispatcherServlet  : Completed initialization in 4 ms
2021-05-23 00:41:37.547  INFO 36737 --- [    Test worker] c.s.book.springboot.HelloControllerTest  : Started HelloControllerTest in 0.434 seconds (JVM running for 5.269)
]]></system-out>
  <system-err><![CDATA[]]></system-err>
</testsuite>
