<?xml version="1.0" encoding="UTF-8"?>
<testsuite name="com.seokhan.book.springboot.HelloControllerTest" tests="2" skipped="0" failures="0" errors="0" timestamp="2021-05-22T06:53:25" hostname="seokhanui-MacBookPro.local" time="0.147">
  <properties/>
  <testcase name="helloDto_return" classname="com.seokhan.book.springboot.HelloControllerTest" time="0.143"/>
  <testcase name="hello" classname="com.seokhan.book.springboot.HelloControllerTest" time="0.003"/>
  <system-out><![CDATA[15:53:24.494 [Test worker] DEBUG org.springframework.test.context.junit4.SpringJUnit4ClassRunner - SpringJUnit4ClassRunner constructor called with [class com.seokhan.book.springboot.HelloControllerTest]
15:53:24.498 [Test worker] DEBUG org.springframework.test.context.BootstrapUtils - Instantiating CacheAwareContextLoaderDelegate from class [org.springframework.test.context.cache.DefaultCacheAwareContextLoaderDelegate]
15:53:24.502 [Test worker] DEBUG org.springframework.test.context.BootstrapUtils - Instantiating BootstrapContext using constructor [public org.springframework.test.context.support.DefaultBootstrapContext(java.lang.Class,org.springframework.test.context.CacheAwareContextLoaderDelegate)]
15:53:24.511 [Test worker] DEBUG org.springframework.test.context.BootstrapUtils - Instantiating TestContextBootstrapper for test class [com.seokhan.book.springboot.HelloControllerTest] from class [org.springframework.boot.test.autoconfigure.web.servlet.WebMvcTestContextBootstrapper]
15:53:24.518 [Test worker] INFO org.springframework.boot.test.autoconfigure.web.servlet.WebMvcTestContextBootstrapper - Neither @ContextConfiguration nor @ContextHierarchy found for test class [com.seokhan.book.springboot.HelloControllerTest], using SpringBootContextLoader
15:53:24.519 [Test worker] DEBUG org.springframework.test.context.support.AbstractContextLoader - Did not detect default resource location for test class [com.seokhan.book.springboot.HelloControllerTest]: class path resource [com/seokhan/book/springboot/HelloControllerTest-context.xml] does not exist
15:53:24.520 [Test worker] DEBUG org.springframework.test.context.support.AbstractContextLoader - Did not detect default resource location for test class [com.seokhan.book.springboot.HelloControllerTest]: class path resource [com/seokhan/book/springboot/HelloControllerTestContext.groovy] does not exist
15:53:24.520 [Test worker] INFO org.springframework.test.context.support.AbstractContextLoader - Could not detect default resource locations for test class [com.seokhan.book.springboot.HelloControllerTest]: no resource found for suffixes {-context.xml, Context.groovy}.
15:53:24.520 [Test worker] INFO org.springframework.test.context.support.AnnotationConfigContextLoaderUtils - Could not detect default configuration classes for test class [com.seokhan.book.springboot.HelloControllerTest]: HelloControllerTest does not declare any static, non-private, non-final, nested classes annotated with @Configuration.
15:53:24.549 [Test worker] DEBUG org.springframework.test.context.support.ActiveProfilesUtils - Could not find an 'annotation declaring class' for annotation type [org.springframework.test.context.ActiveProfiles] and class [com.seokhan.book.springboot.HelloControllerTest]
15:53:24.573 [Test worker] DEBUG org.springframework.context.annotation.ClassPathScanningCandidateComponentProvider - Identified candidate component class: file [/Users/seokhan/Desktop/Sprinter/Spring Framework Core/freelec-springboot2-webservice/build/classes/java/main/com/seokhan/book/springboot/Application.class]
15:53:24.573 [Test worker] INFO org.springframework.boot.test.context.SpringBootTestContextBootstrapper - Found @SpringBootConfiguration com.seokhan.book.springboot.Application for test class com.seokhan.book.springboot.HelloControllerTest
15:53:24.574 [Test worker] DEBUG org.springframework.boot.test.autoconfigure.web.servlet.WebMvcTestContextBootstrapper - @TestExecutionListeners is not present for class [com.seokhan.book.springboot.HelloControllerTest]: using defaults.
15:53:24.574 [Test worker] INFO org.springframework.boot.test.autoconfigure.web.servlet.WebMvcTestContextBootstrapper - Loaded default TestExecutionListener class names from location [META-INF/spring.factories]: [org.springframework.security.test.context.support.WithSecurityContextTestExecutionListener, org.springframework.security.test.context.support.ReactorContextTestExecutionListener, org.springframework.boot.test.autoconfigure.restdocs.RestDocsTestExecutionListener, org.springframework.boot.test.autoconfigure.web.client.MockRestServiceServerResetTestExecutionListener, org.springframework.boot.test.autoconfigure.web.servlet.MockMvcPrintOnlyOnFailureTestExecutionListener, org.springframework.boot.test.autoconfigure.web.servlet.WebDriverTestExecutionListener, org.springframework.boot.test.mock.mockito.MockitoTestExecutionListener, org.springframework.boot.test.mock.mockito.ResetMocksTestExecutionListener, org.springframework.test.context.web.ServletTestExecutionListener, org.springframework.test.context.support.DirtiesContextBeforeModesTestExecutionListener, org.springframework.test.context.support.DependencyInjectionTestExecutionListener, org.springframework.test.context.support.DirtiesContextTestExecutionListener, org.springframework.test.context.transaction.TransactionalTestExecutionListener, org.springframework.test.context.jdbc.SqlScriptsTestExecutionListener]
15:53:24.582 [Test worker] INFO org.springframework.boot.test.autoconfigure.web.servlet.WebMvcTestContextBootstrapper - Using TestExecutionListeners: [org.springframework.test.context.web.ServletTestExecutionListener@7d7b1f00, org.springframework.test.context.support.DirtiesContextBeforeModesTestExecutionListener@4376e141, org.springframework.boot.test.mock.mockito.MockitoTestExecutionListener@5263ed50, org.springframework.boot.test.autoconfigure.SpringBootDependencyInjectionTestExecutionListener@1c5407f8, org.springframework.test.context.support.DirtiesContextTestExecutionListener@3972886d, org.springframework.test.context.transaction.TransactionalTestExecutionListener@4dfa1aeb, org.springframework.test.context.jdbc.SqlScriptsTestExecutionListener@3e6769, org.springframework.security.test.context.support.WithSecurityContextTestExecutionListener@3c69cb51, org.springframework.security.test.context.support.ReactorContextTestExecutionListener@11f51d51, org.springframework.boot.test.autoconfigure.restdocs.RestDocsTestExecutionListener@cc560c6, org.springframework.boot.test.autoconfigure.web.client.MockRestServiceServerResetTestExecutionListener@7f335b18, org.springframework.boot.test.autoconfigure.web.servlet.MockMvcPrintOnlyOnFailureTestExecutionListener@d7224ec, org.springframework.boot.test.autoconfigure.web.servlet.WebDriverTestExecutionListener@3454af86, org.springframework.boot.test.mock.mockito.ResetMocksTestExecutionListener@13303a9a]
15:53:24.583 [Test worker] DEBUG org.springframework.test.annotation.ProfileValueUtils - Retrieved @ProfileValueSourceConfiguration [null] for test class [com.seokhan.book.springboot.HelloControllerTest]
15:53:24.583 [Test worker] DEBUG org.springframework.test.annotation.ProfileValueUtils - Retrieved ProfileValueSource type [class org.springframework.test.annotation.SystemProfileValueSource] for class [com.seokhan.book.springboot.HelloControllerTest]
15:53:24.584 [Test worker] DEBUG org.springframework.test.annotation.ProfileValueUtils - Retrieved @ProfileValueSourceConfiguration [null] for test class [com.seokhan.book.springboot.HelloControllerTest]
15:53:24.584 [Test worker] DEBUG org.springframework.test.annotation.ProfileValueUtils - Retrieved ProfileValueSource type [class org.springframework.test.annotation.SystemProfileValueSource] for class [com.seokhan.book.springboot.HelloControllerTest]
15:53:24.585 [Test worker] DEBUG org.springframework.test.context.support.AbstractDirtiesContextTestExecutionListener - Before test class: context [DefaultTestContext@4e50396b testClass = HelloControllerTest, testInstance = [null], testMethod = [null], testException = [null], mergedContextConfiguration = [WebMergedContextConfiguration@202959e testClass = HelloControllerTest, locations = '{}', classes = '{class com.seokhan.book.springboot.Application}', contextInitializerClasses = '[]', activeProfiles = '{}', propertySourceLocations = '{}', propertySourceProperties = '{org.springframework.boot.test.autoconfigure.web.servlet.WebMvcTestContextBootstrapper=true}', contextCustomizers = set[org.springframework.boot.test.autoconfigure.OverrideAutoConfigurationContextCustomizerFactory$DisableAutoConfigurationContextCustomizer@19a127dc, org.springframework.boot.test.autoconfigure.filter.TypeExcludeFiltersContextCustomizer@8ba13051, org.springframework.boot.test.autoconfigure.properties.PropertyMappingContextCustomizer@c2389a53, org.springframework.boot.test.autoconfigure.web.servlet.WebDriverContextCustomizerFactory$Customizer@77cee93e, [ImportsContextCustomizer@30564927 key = [org.springframework.boot.autoconfigure.cache.CacheAutoConfiguration, org.springframework.boot.autoconfigure.context.MessageSourceAutoConfiguration, org.springframework.boot.autoconfigure.data.web.SpringDataWebAutoConfiguration, org.springframework.boot.autoconfigure.freemarker.FreeMarkerAutoConfiguration, org.springframework.boot.autoconfigure.groovy.template.GroovyTemplateAutoConfiguration, org.springframework.boot.autoconfigure.gson.GsonAutoConfiguration, org.springframework.boot.autoconfigure.hateoas.HypermediaAutoConfiguration, org.springframework.boot.autoconfigure.http.HttpMessageConvertersAutoConfiguration, org.springframework.boot.autoconfigure.jackson.JacksonAutoConfiguration, org.springframework.boot.autoconfigure.jsonb.JsonbAutoConfiguration, org.springframework.boot.autoconfigure.mustache.MustacheAutoConfiguration, org.springframework.boot.autoconfigure.task.TaskExecutionAutoConfiguration, org.springframework.boot.autoconfigure.thymeleaf.ThymeleafAutoConfiguration, org.springframework.boot.autoconfigure.validation.ValidationAutoConfiguration, org.springframework.boot.autoconfigure.web.servlet.error.ErrorMvcAutoConfiguration, org.springframework.boot.autoconfigure.web.servlet.WebMvcAutoConfiguration, org.springframework.boot.test.autoconfigure.web.servlet.MockMvcAutoConfiguration, org.springframework.boot.test.autoconfigure.web.servlet.MockMvcSecurityAutoConfiguration, org.springframework.boot.test.autoconfigure.web.servlet.MockMvcWebClientAutoConfiguration, org.springframework.boot.test.autoconfigure.web.servlet.MockMvcWebDriverAutoConfiguration]], org.springframework.boot.test.context.filter.ExcludeFilterContextCustomizer@36ca34d, org.springframework.boot.test.json.DuplicateJsonObjectContextCustomizerFactory$DuplicateJsonObjectContextCustomizer@429baca9, org.springframework.boot.test.mock.mockito.MockitoContextCustomizer@0], resourceBasePath = 'src/main/webapp', contextLoader = 'org.springframework.boot.test.context.SpringBootContextLoader', parent = [null]], attributes = map[[empty]]], class annotated with @DirtiesContext [false] with mode [null].
15:53:24.586 [Test worker] DEBUG org.springframework.test.annotation.ProfileValueUtils - Retrieved @ProfileValueSourceConfiguration [null] for test class [com.seokhan.book.springboot.HelloControllerTest]
15:53:24.586 [Test worker] DEBUG org.springframework.test.annotation.ProfileValueUtils - Retrieved ProfileValueSource type [class org.springframework.test.annotation.SystemProfileValueSource] for class [com.seokhan.book.springboot.HelloControllerTest]
15:53:24.588 [Test worker] DEBUG org.springframework.test.context.support.DependencyInjectionTestExecutionListener - Performing dependency injection for test context [[DefaultTestContext@4e50396b testClass = HelloControllerTest, testInstance = com.seokhan.book.springboot.HelloControllerTest@9e266bc, testMethod = [null], testException = [null], mergedContextConfiguration = [WebMergedContextConfiguration@202959e testClass = HelloControllerTest, locations = '{}', classes = '{class com.seokhan.book.springboot.Application}', contextInitializerClasses = '[]', activeProfiles = '{}', propertySourceLocations = '{}', propertySourceProperties = '{org.springframework.boot.test.autoconfigure.web.servlet.WebMvcTestContextBootstrapper=true}', contextCustomizers = set[org.springframework.boot.test.autoconfigure.OverrideAutoConfigurationContextCustomizerFactory$DisableAutoConfigurationContextCustomizer@19a127dc, org.springframework.boot.test.autoconfigure.filter.TypeExcludeFiltersContextCustomizer@8ba13051, org.springframework.boot.test.autoconfigure.properties.PropertyMappingContextCustomizer@c2389a53, org.springframework.boot.test.autoconfigure.web.servlet.WebDriverContextCustomizerFactory$Customizer@77cee93e, [ImportsContextCustomizer@30564927 key = [org.springframework.boot.autoconfigure.cache.CacheAutoConfiguration, org.springframework.boot.autoconfigure.context.MessageSourceAutoConfiguration, org.springframework.boot.autoconfigure.data.web.SpringDataWebAutoConfiguration, org.springframework.boot.autoconfigure.freemarker.FreeMarkerAutoConfiguration, org.springframework.boot.autoconfigure.groovy.template.GroovyTemplateAutoConfiguration, org.springframework.boot.autoconfigure.gson.GsonAutoConfiguration, org.springframework.boot.autoconfigure.hateoas.HypermediaAutoConfiguration, org.springframework.boot.autoconfigure.http.HttpMessageConvertersAutoConfiguration, org.springframework.boot.autoconfigure.jackson.JacksonAutoConfiguration, org.springframework.boot.autoconfigure.jsonb.JsonbAutoConfiguration, org.springframework.boot.autoconfigure.mustache.MustacheAutoConfiguration, org.springframework.boot.autoconfigure.task.TaskExecutionAutoConfiguration, org.springframework.boot.autoconfigure.thymeleaf.ThymeleafAutoConfiguration, org.springframework.boot.autoconfigure.validation.ValidationAutoConfiguration, org.springframework.boot.autoconfigure.web.servlet.error.ErrorMvcAutoConfiguration, org.springframework.boot.autoconfigure.web.servlet.WebMvcAutoConfiguration, org.springframework.boot.test.autoconfigure.web.servlet.MockMvcAutoConfiguration, org.springframework.boot.test.autoconfigure.web.servlet.MockMvcSecurityAutoConfiguration, org.springframework.boot.test.autoconfigure.web.servlet.MockMvcWebClientAutoConfiguration, org.springframework.boot.test.autoconfigure.web.servlet.MockMvcWebDriverAutoConfiguration]], org.springframework.boot.test.context.filter.ExcludeFilterContextCustomizer@36ca34d, org.springframework.boot.test.json.DuplicateJsonObjectContextCustomizerFactory$DuplicateJsonObjectContextCustomizer@429baca9, org.springframework.boot.test.mock.mockito.MockitoContextCustomizer@0], resourceBasePath = 'src/main/webapp', contextLoader = 'org.springframework.boot.test.context.SpringBootContextLoader', parent = [null]], attributes = map[[empty]]]].
15:53:24.635 [Test worker] DEBUG org.springframework.test.context.support.TestPropertySourceUtils - Adding inlined properties to environment: {spring.jmx.enabled=false, org.springframework.boot.test.autoconfigure.web.servlet.WebMvcTestContextBootstrapper=true, server.port=-1}

  .   ____          _            __ _ _
 /\\ / ___'_ __ _ _(_)_ __  __ _ \ \ \ \
( ( )\___ | '_ | '_| | '_ \/ _` | \ \ \ \
 \\/  ___)| |_)| | | | | || (_| |  ) ) ) )
  '  |____| .__|_| |_|_| |_\__, | / / / /
 =========|_|==============|___/=/_/_/_/
 :: Spring Boot ::        (v2.1.7.RELEASE)

2021-05-22 15:53:24.738  INFO 17909 --- [    Test worker] c.s.book.springboot.HelloControllerTest  : Starting HelloControllerTest on seokhanui-MacBookPro.local with PID 17909 (started by seokhan in /Users/seokhan/Desktop/Sprinter/Spring Framework Core/freelec-springboot2-webservice)
2021-05-22 15:53:24.739  INFO 17909 --- [    Test worker] c.s.book.springboot.HelloControllerTest  : No active profile set, falling back to default profiles: default
2021-05-22 15:53:25.414  INFO 17909 --- [    Test worker] o.s.s.concurrent.ThreadPoolTaskExecutor  : Initializing ExecutorService 'applicationTaskExecutor'
2021-05-22 15:53:25.461  INFO 17909 --- [    Test worker] o.s.b.a.w.s.WelcomePageHandlerMapping    : Adding welcome page template: index
2021-05-22 15:53:25.604  INFO 17909 --- [    Test worker] .s.s.UserDetailsServiceAutoConfiguration : 

Using generated security password: 0a86c94b-65ed-422e-bcdc-80f1f0fae979

2021-05-22 15:53:25.680  INFO 17909 --- [    Test worker] o.s.s.web.DefaultSecurityFilterChain     : Creating filter chain: any request, [org.springframework.security.web.context.request.async.WebAsyncManagerIntegrationFilter@16173da3, org.springframework.security.web.context.SecurityContextPersistenceFilter@45a6c58c, org.springframework.security.web.header.HeaderWriterFilter@63b96a40, org.springframework.security.web.csrf.CsrfFilter@1647e562, org.springframework.security.web.authentication.logout.LogoutFilter@5629a808, org.springframework.security.web.authentication.UsernamePasswordAuthenticationFilter@1eee04ce, org.springframework.security.web.authentication.ui.DefaultLoginPageGeneratingFilter@ccb733, org.springframework.security.web.authentication.ui.DefaultLogoutPageGeneratingFilter@4ddfd0c0, org.springframework.security.web.authentication.www.BasicAuthenticationFilter@547258a3, org.springframework.security.web.savedrequest.RequestCacheAwareFilter@13030ce1, org.springframework.security.web.servletapi.SecurityContextHolderAwareRequestFilter@52779611, org.springframework.security.web.authentication.AnonymousAuthenticationFilter@31dc785d, org.springframework.security.web.session.SessionManagementFilter@70c4c212, org.springframework.security.web.access.ExceptionTranslationFilter@151b4fe, org.springframework.security.web.access.intercept.FilterSecurityInterceptor@35b1bac]
2021-05-22 15:53:25.736  INFO 17909 --- [    Test worker] o.s.b.t.m.w.SpringBootMockServletContext : Initializing Spring TestDispatcherServlet ''
2021-05-22 15:53:25.736  INFO 17909 --- [    Test worker] o.s.t.web.servlet.TestDispatcherServlet  : Initializing Servlet ''
2021-05-22 15:53:25.741  INFO 17909 --- [    Test worker] o.s.t.web.servlet.TestDispatcherServlet  : Completed initialization in 5 ms
2021-05-22 15:53:25.764  INFO 17909 --- [    Test worker] c.s.book.springboot.HelloControllerTest  : Started HelloControllerTest in 1.125 seconds (JVM running for 1.527)
]]></system-out>
  <system-err><![CDATA[]]></system-err>
</testsuite>
