<?xml version="1.0" encoding="UTF-8"?>
<testsuite name="com.seokhan.book.springboot.HelloControllerTest" tests="2" skipped="0" failures="0" errors="0" timestamp="2021-05-22T15:58:48" hostname="seokhanui-MacBookPro.local" time="0.021">
  <properties/>
  <testcase name="helloDto_return" classname="com.seokhan.book.springboot.HelloControllerTest" time="0.016"/>
  <testcase name="hello" classname="com.seokhan.book.springboot.HelloControllerTest" time="0.004"/>
  <system-out><![CDATA[2021-05-23 00:58:48.264  INFO 37507 --- [    Test worker] .b.t.a.w.s.WebMvcTestContextBootstrapper : Neither @ContextConfiguration nor @ContextHierarchy found for test class [com.seokhan.book.springboot.HelloControllerTest], using SpringBootContextLoader
2021-05-23 00:58:48.265  INFO 37507 --- [    Test worker] o.s.t.c.support.AbstractContextLoader    : Could not detect default resource locations for test class [com.seokhan.book.springboot.HelloControllerTest]: no resource found for suffixes {-context.xml, Context.groovy}.
2021-05-23 00:58:48.265  INFO 37507 --- [    Test worker] t.c.s.AnnotationConfigContextLoaderUtils : Could not detect default configuration classes for test class [com.seokhan.book.springboot.HelloControllerTest]: HelloControllerTest does not declare any static, non-private, non-final, nested classes annotated with @Configuration.
2021-05-23 00:58:48.281  INFO 37507 --- [    Test worker] .b.t.c.SpringBootTestContextBootstrapper : Found @SpringBootConfiguration com.seokhan.book.springboot.Application for test class com.seokhan.book.springboot.HelloControllerTest
2021-05-23 00:58:48.281  INFO 37507 --- [    Test worker] .b.t.a.w.s.WebMvcTestContextBootstrapper : Loaded default TestExecutionListener class names from location [META-INF/spring.factories]: [org.springframework.security.test.context.support.WithSecurityContextTestExecutionListener, org.springframework.security.test.context.support.ReactorContextTestExecutionListener, org.springframework.boot.test.autoconfigure.restdocs.RestDocsTestExecutionListener, org.springframework.boot.test.autoconfigure.web.client.MockRestServiceServerResetTestExecutionListener, org.springframework.boot.test.autoconfigure.web.servlet.MockMvcPrintOnlyOnFailureTestExecutionListener, org.springframework.boot.test.autoconfigure.web.servlet.WebDriverTestExecutionListener, org.springframework.boot.test.mock.mockito.MockitoTestExecutionListener, org.springframework.boot.test.mock.mockito.ResetMocksTestExecutionListener, org.springframework.test.context.web.ServletTestExecutionListener, org.springframework.test.context.support.DirtiesContextBeforeModesTestExecutionListener, org.springframework.test.context.support.DependencyInjectionTestExecutionListener, org.springframework.test.context.support.DirtiesContextTestExecutionListener, org.springframework.test.context.transaction.TransactionalTestExecutionListener, org.springframework.test.context.jdbc.SqlScriptsTestExecutionListener]
2021-05-23 00:58:48.282  INFO 37507 --- [    Test worker] .b.t.a.w.s.WebMvcTestContextBootstrapper : Using TestExecutionListeners: [org.springframework.test.context.web.ServletTestExecutionListener@9b48f6c, org.springframework.test.context.support.DirtiesContextBeforeModesTestExecutionListener@5ceb6a41, org.springframework.boot.test.mock.mockito.MockitoTestExecutionListener@2cce3787, org.springframework.boot.test.autoconfigure.SpringBootDependencyInjectionTestExecutionListener@299a153f, org.springframework.test.context.support.DirtiesContextTestExecutionListener@4f8208f, org.springframework.test.context.transaction.TransactionalTestExecutionListener@346fb33, org.springframework.test.context.jdbc.SqlScriptsTestExecutionListener@5ee986d3, org.springframework.security.test.context.support.WithSecurityContextTestExecutionListener@27a343dc, org.springframework.security.test.context.support.ReactorContextTestExecutionListener@629af3ff, org.springframework.boot.test.autoconfigure.restdocs.RestDocsTestExecutionListener@563103fc, org.springframework.boot.test.autoconfigure.web.client.MockRestServiceServerResetTestExecutionListener@447cc8f7, org.springframework.boot.test.autoconfigure.web.servlet.MockMvcPrintOnlyOnFailureTestExecutionListener@797cce07, org.springframework.boot.test.autoconfigure.web.servlet.WebDriverTestExecutionListener@4ccccfdc, org.springframework.boot.test.mock.mockito.ResetMocksTestExecutionListener@123c1b5a]

  .   ____          _            __ _ _
 /\\ / ___'_ __ _ _(_)_ __  __ _ \ \ \ \
( ( )\___ | '_ | '_| | '_ \/ _` | \ \ \ \
 \\/  ___)| |_)| | | | | || (_| |  ) ) ) )
  '  |____| .__|_| |_|_| |_\__, | / / / /
 =========|_|==============|___/=/_/_/_/
 :: Spring Boot ::        (v2.1.7.RELEASE)

2021-05-23 00:58:48.295  INFO 37507 --- [    Test worker] c.s.book.springboot.HelloControllerTest  : Starting HelloControllerTest on seokhanui-MacBookPro.local with PID 37507 (started by seokhan in /Users/seokhan/Desktop/Sprinter/Spring Framework Core/freelec-springboot2-webservice)
2021-05-23 00:58:48.295  INFO 37507 --- [    Test worker] c.s.book.springboot.HelloControllerTest  : No active profile set, falling back to default profiles: default
2021-05-23 00:58:48.457  INFO 37507 --- [    Test worker] o.s.s.concurrent.ThreadPoolTaskExecutor  : Initializing ExecutorService 'applicationTaskExecutor'
2021-05-23 00:58:48.469  INFO 37507 --- [    Test worker] o.s.b.a.w.s.WelcomePageHandlerMapping    : Adding welcome page template: index
2021-05-23 00:58:48.537  INFO 37507 --- [    Test worker] .s.s.UserDetailsServiceAutoConfiguration : 

Using generated security password: 7852b897-610c-4816-8f87-30502bab6fb1

2021-05-23 00:58:48.589  INFO 37507 --- [    Test worker] o.s.s.web.DefaultSecurityFilterChain     : Creating filter chain: any request, [org.springframework.security.web.context.request.async.WebAsyncManagerIntegrationFilter@73e58231, org.springframework.security.web.context.SecurityContextPersistenceFilter@50225084, org.springframework.security.web.header.HeaderWriterFilter@1ffc80d4, org.springframework.security.web.csrf.CsrfFilter@37929172, org.springframework.security.web.authentication.logout.LogoutFilter@4d46a8b2, org.springframework.security.web.authentication.UsernamePasswordAuthenticationFilter@5f240910, org.springframework.security.web.authentication.ui.DefaultLoginPageGeneratingFilter@7a0841cf, org.springframework.security.web.authentication.ui.DefaultLogoutPageGeneratingFilter@68f30c2a, org.springframework.security.web.authentication.www.BasicAuthenticationFilter@317f2935, org.springframework.security.web.savedrequest.RequestCacheAwareFilter@99dc358, org.springframework.security.web.servletapi.SecurityContextHolderAwareRequestFilter@721c089f, org.springframework.security.web.authentication.AnonymousAuthenticationFilter@208db680, org.springframework.security.web.session.SessionManagementFilter@3c468b58, org.springframework.security.web.access.ExceptionTranslationFilter@275fc727, org.springframework.security.web.access.intercept.FilterSecurityInterceptor@6e1a75d1]
2021-05-23 00:58:48.593  INFO 37507 --- [    Test worker] o.s.b.t.m.w.SpringBootMockServletContext : Initializing Spring TestDispatcherServlet ''
2021-05-23 00:58:48.594  INFO 37507 --- [    Test worker] o.s.t.web.servlet.TestDispatcherServlet  : Initializing Servlet ''
2021-05-23 00:58:48.596  INFO 37507 --- [    Test worker] o.s.t.web.servlet.TestDispatcherServlet  : Completed initialization in 2 ms
2021-05-23 00:58:48.606  INFO 37507 --- [    Test worker] c.s.book.springboot.HelloControllerTest  : Started HelloControllerTest in 0.324 seconds (JVM running for 5.104)
]]></system-out>
  <system-err><![CDATA[]]></system-err>
</testsuite>
