<?xml version="1.0" encoding="UTF-8"?>
<testsuite name="com.seokhan.book.springboot.web.IndexControllerTest" tests="1" skipped="0" failures="0" errors="0" timestamp="2021-05-20T15:51:07" hostname="seokhanui-MacBookPro.local" time="0.171">
  <properties/>
  <testcase name="mainPage_load" classname="com.seokhan.book.springboot.web.IndexControllerTest" time="0.171"/>
  <system-out><![CDATA[00:51:04.126 [Test worker] DEBUG org.springframework.test.context.junit4.SpringJUnit4ClassRunner - SpringJUnit4ClassRunner constructor called with [class com.seokhan.book.springboot.web.IndexControllerTest]
00:51:04.129 [Test worker] DEBUG org.springframework.test.context.BootstrapUtils - Instantiating CacheAwareContextLoaderDelegate from class [org.springframework.test.context.cache.DefaultCacheAwareContextLoaderDelegate]
00:51:04.132 [Test worker] DEBUG org.springframework.test.context.BootstrapUtils - Instantiating BootstrapContext using constructor [public org.springframework.test.context.support.DefaultBootstrapContext(java.lang.Class,org.springframework.test.context.CacheAwareContextLoaderDelegate)]
00:51:04.141 [Test worker] DEBUG org.springframework.test.context.BootstrapUtils - Instantiating TestContextBootstrapper for test class [com.seokhan.book.springboot.web.IndexControllerTest] from class [org.springframework.boot.test.context.SpringBootTestContextBootstrapper]
00:51:04.145 [Test worker] INFO org.springframework.boot.test.context.SpringBootTestContextBootstrapper - Neither @ContextConfiguration nor @ContextHierarchy found for test class [com.seokhan.book.springboot.web.IndexControllerTest], using SpringBootContextLoader
00:51:04.147 [Test worker] DEBUG org.springframework.test.context.support.AbstractContextLoader - Did not detect default resource location for test class [com.seokhan.book.springboot.web.IndexControllerTest]: class path resource [com/seokhan/book/springboot/web/IndexControllerTest-context.xml] does not exist
00:51:04.147 [Test worker] DEBUG org.springframework.test.context.support.AbstractContextLoader - Did not detect default resource location for test class [com.seokhan.book.springboot.web.IndexControllerTest]: class path resource [com/seokhan/book/springboot/web/IndexControllerTestContext.groovy] does not exist
00:51:04.147 [Test worker] INFO org.springframework.test.context.support.AbstractContextLoader - Could not detect default resource locations for test class [com.seokhan.book.springboot.web.IndexControllerTest]: no resource found for suffixes {-context.xml, Context.groovy}.
00:51:04.148 [Test worker] INFO org.springframework.test.context.support.AnnotationConfigContextLoaderUtils - Could not detect default configuration classes for test class [com.seokhan.book.springboot.web.IndexControllerTest]: IndexControllerTest does not declare any static, non-private, non-final, nested classes annotated with @Configuration.
00:51:04.164 [Test worker] DEBUG org.springframework.test.context.support.ActiveProfilesUtils - Could not find an 'annotation declaring class' for annotation type [org.springframework.test.context.ActiveProfiles] and class [com.seokhan.book.springboot.web.IndexControllerTest]
00:51:04.212 [Test worker] DEBUG org.springframework.context.annotation.ClassPathScanningCandidateComponentProvider - Identified candidate component class: file [/Users/seokhan/Desktop/Sprinter/Spring Framework Core/freelec-springboot2-webservice/build/classes/java/main/com/seokhan/book/springboot/Application.class]
00:51:04.213 [Test worker] INFO org.springframework.boot.test.context.SpringBootTestContextBootstrapper - Found @SpringBootConfiguration com.seokhan.book.springboot.Application for test class com.seokhan.book.springboot.web.IndexControllerTest
00:51:04.254 [Test worker] DEBUG org.springframework.boot.test.context.SpringBootTestContextBootstrapper - @TestExecutionListeners is not present for class [com.seokhan.book.springboot.web.IndexControllerTest]: using defaults.
00:51:04.254 [Test worker] INFO org.springframework.boot.test.context.SpringBootTestContextBootstrapper - Loaded default TestExecutionListener class names from location [META-INF/spring.factories]: [org.springframework.boot.test.autoconfigure.restdocs.RestDocsTestExecutionListener, org.springframework.boot.test.autoconfigure.web.client.MockRestServiceServerResetTestExecutionListener, org.springframework.boot.test.autoconfigure.web.servlet.MockMvcPrintOnlyOnFailureTestExecutionListener, org.springframework.boot.test.autoconfigure.web.servlet.WebDriverTestExecutionListener, org.springframework.boot.test.mock.mockito.MockitoTestExecutionListener, org.springframework.boot.test.mock.mockito.ResetMocksTestExecutionListener, org.springframework.test.context.web.ServletTestExecutionListener, org.springframework.test.context.support.DirtiesContextBeforeModesTestExecutionListener, org.springframework.test.context.support.DependencyInjectionTestExecutionListener, org.springframework.test.context.support.DirtiesContextTestExecutionListener, org.springframework.test.context.transaction.TransactionalTestExecutionListener, org.springframework.test.context.jdbc.SqlScriptsTestExecutionListener]
00:51:04.261 [Test worker] INFO org.springframework.boot.test.context.SpringBootTestContextBootstrapper - Using TestExecutionListeners: [org.springframework.test.context.web.ServletTestExecutionListener@38d9afbc, org.springframework.test.context.support.DirtiesContextBeforeModesTestExecutionListener@717a2b63, org.springframework.boot.test.mock.mockito.MockitoTestExecutionListener@468483cd, org.springframework.boot.test.autoconfigure.SpringBootDependencyInjectionTestExecutionListener@5f90e7ff, org.springframework.test.context.support.DirtiesContextTestExecutionListener@2ac117fe, org.springframework.test.context.transaction.TransactionalTestExecutionListener@ac000f6, org.springframework.test.context.jdbc.SqlScriptsTestExecutionListener@68b87088, org.springframework.boot.test.autoconfigure.restdocs.RestDocsTestExecutionListener@304fdd7f, org.springframework.boot.test.autoconfigure.web.client.MockRestServiceServerResetTestExecutionListener@1213526f, org.springframework.boot.test.autoconfigure.web.servlet.MockMvcPrintOnlyOnFailureTestExecutionListener@18de376b, org.springframework.boot.test.autoconfigure.web.servlet.WebDriverTestExecutionListener@33c928c8, org.springframework.boot.test.mock.mockito.ResetMocksTestExecutionListener@7da3bfeb]
00:51:04.262 [Test worker] DEBUG org.springframework.test.annotation.ProfileValueUtils - Retrieved @ProfileValueSourceConfiguration [null] for test class [com.seokhan.book.springboot.web.IndexControllerTest]
00:51:04.262 [Test worker] DEBUG org.springframework.test.annotation.ProfileValueUtils - Retrieved ProfileValueSource type [class org.springframework.test.annotation.SystemProfileValueSource] for class [com.seokhan.book.springboot.web.IndexControllerTest]
00:51:04.262 [Test worker] DEBUG org.springframework.test.annotation.ProfileValueUtils - Retrieved @ProfileValueSourceConfiguration [null] for test class [com.seokhan.book.springboot.web.IndexControllerTest]
00:51:04.262 [Test worker] DEBUG org.springframework.test.annotation.ProfileValueUtils - Retrieved ProfileValueSource type [class org.springframework.test.annotation.SystemProfileValueSource] for class [com.seokhan.book.springboot.web.IndexControllerTest]
00:51:04.265 [Test worker] DEBUG org.springframework.test.context.support.AbstractDirtiesContextTestExecutionListener - Before test class: context [DefaultTestContext@5e34c360 testClass = IndexControllerTest, testInstance = [null], testMethod = [null], testException = [null], mergedContextConfiguration = [WebMergedContextConfiguration@5ad74cf testClass = IndexControllerTest, locations = '{}', classes = '{class com.seokhan.book.springboot.Application}', contextInitializerClasses = '[]', activeProfiles = '{}', propertySourceLocations = '{}', propertySourceProperties = '{org.springframework.boot.test.context.SpringBootTestContextBootstrapper=true, server.port=0}', contextCustomizers = set[org.springframework.boot.test.autoconfigure.properties.PropertyMappingContextCustomizer@0, org.springframework.boot.test.autoconfigure.web.servlet.WebDriverContextCustomizerFactory$Customizer@630f39d0, org.springframework.boot.test.context.filter.ExcludeFilterContextCustomizer@251928be, org.springframework.boot.test.json.DuplicateJsonObjectContextCustomizerFactory$DuplicateJsonObjectContextCustomizer@64225218, org.springframework.boot.test.mock.mockito.MockitoContextCustomizer@0, org.springframework.boot.test.web.client.TestRestTemplateContextCustomizer@3688df11], resourceBasePath = 'src/main/webapp', contextLoader = 'org.springframework.boot.test.context.SpringBootContextLoader', parent = [null]], attributes = map['org.springframework.test.context.web.ServletTestExecutionListener.activateListener' -> false]], class annotated with @DirtiesContext [false] with mode [null].
00:51:04.265 [Test worker] DEBUG org.springframework.test.annotation.ProfileValueUtils - Retrieved @ProfileValueSourceConfiguration [null] for test class [com.seokhan.book.springboot.web.IndexControllerTest]
00:51:04.265 [Test worker] DEBUG org.springframework.test.annotation.ProfileValueUtils - Retrieved ProfileValueSource type [class org.springframework.test.annotation.SystemProfileValueSource] for class [com.seokhan.book.springboot.web.IndexControllerTest]
00:51:04.267 [Test worker] DEBUG org.springframework.test.context.support.DependencyInjectionTestExecutionListener - Performing dependency injection for test context [[DefaultTestContext@5e34c360 testClass = IndexControllerTest, testInstance = com.seokhan.book.springboot.web.IndexControllerTest@4166c5b2, testMethod = [null], testException = [null], mergedContextConfiguration = [WebMergedContextConfiguration@5ad74cf testClass = IndexControllerTest, locations = '{}', classes = '{class com.seokhan.book.springboot.Application}', contextInitializerClasses = '[]', activeProfiles = '{}', propertySourceLocations = '{}', propertySourceProperties = '{org.springframework.boot.test.context.SpringBootTestContextBootstrapper=true, server.port=0}', contextCustomizers = set[org.springframework.boot.test.autoconfigure.properties.PropertyMappingContextCustomizer@0, org.springframework.boot.test.autoconfigure.web.servlet.WebDriverContextCustomizerFactory$Customizer@630f39d0, org.springframework.boot.test.context.filter.ExcludeFilterContextCustomizer@251928be, org.springframework.boot.test.json.DuplicateJsonObjectContextCustomizerFactory$DuplicateJsonObjectContextCustomizer@64225218, org.springframework.boot.test.mock.mockito.MockitoContextCustomizer@0, org.springframework.boot.test.web.client.TestRestTemplateContextCustomizer@3688df11], resourceBasePath = 'src/main/webapp', contextLoader = 'org.springframework.boot.test.context.SpringBootContextLoader', parent = [null]], attributes = map['org.springframework.test.context.web.ServletTestExecutionListener.activateListener' -> false]]].
00:51:04.275 [Test worker] DEBUG org.springframework.test.context.support.TestPropertySourceUtils - Adding inlined properties to environment: {spring.jmx.enabled=false, org.springframework.boot.test.context.SpringBootTestContextBootstrapper=true, server.port=0}

  .   ____          _            __ _ _
 /\\ / ___'_ __ _ _(_)_ __  __ _ \ \ \ \
( ( )\___ | '_ | '_| | '_ \/ _` | \ \ \ \
 \\/  ___)| |_)| | | | | || (_| |  ) ) ) )
  '  |____| .__|_| |_|_| |_\__, | / / / /
 =========|_|==============|___/=/_/_/_/
 :: Spring Boot ::        (v2.1.7.RELEASE)

2021-05-21 00:51:04.409  INFO 9742 --- [    Test worker] c.s.b.s.web.IndexControllerTest          : Starting IndexControllerTest on seokhanui-MacBookPro.local with PID 9742 (started by seokhan in /Users/seokhan/Desktop/Sprinter/Spring Framework Core/freelec-springboot2-webservice)
2021-05-21 00:51:04.409  INFO 9742 --- [    Test worker] c.s.b.s.web.IndexControllerTest          : The following profiles are active: oauth
2021-05-21 00:51:04.857  INFO 9742 --- [    Test worker] .s.d.r.c.RepositoryConfigurationDelegate : Bootstrapping Spring Data repositories in DEFAULT mode.
2021-05-21 00:51:04.900  INFO 9742 --- [    Test worker] .s.d.r.c.RepositoryConfigurationDelegate : Finished Spring Data repository scanning in 40ms. Found 2 repository interfaces.
2021-05-21 00:51:05.149  INFO 9742 --- [    Test worker] trationDelegate$BeanPostProcessorChecker : Bean 'org.springframework.transaction.annotation.ProxyTransactionManagementConfiguration' of type [org.springframework.transaction.annotation.ProxyTransactionManagementConfiguration$$EnhancerBySpringCGLIB$$9b8226bc] is not eligible for getting processed by all BeanPostProcessors (for example: not eligible for auto-proxying)
2021-05-21 00:51:05.350  INFO 9742 --- [    Test worker] o.s.b.w.embedded.tomcat.TomcatWebServer  : Tomcat initialized with port(s): 0 (http)
2021-05-21 00:51:05.368  INFO 9742 --- [    Test worker] o.apache.catalina.core.StandardService   : Starting service [Tomcat]
2021-05-21 00:51:05.368  INFO 9742 --- [    Test worker] org.apache.catalina.core.StandardEngine  : Starting Servlet engine: [Apache Tomcat/9.0.22]
2021-05-21 00:51:05.424  INFO 9742 --- [    Test worker] o.a.c.c.C.[Tomcat].[localhost].[/]       : Initializing Spring embedded WebApplicationContext
2021-05-21 00:51:05.424  INFO 9742 --- [    Test worker] o.s.web.context.ContextLoader            : Root WebApplicationContext: initialization completed in 1000 ms
2021-05-21 00:51:05.547  INFO 9742 --- [    Test worker] com.zaxxer.hikari.HikariDataSource       : HikariPool-1 - Starting...
2021-05-21 00:51:05.630  INFO 9742 --- [    Test worker] com.zaxxer.hikari.HikariDataSource       : HikariPool-1 - Start completed.
2021-05-21 00:51:05.679  INFO 9742 --- [    Test worker] o.hibernate.jpa.internal.util.LogHelper  : HHH000204: Processing PersistenceUnitInfo [
	name: default
	...]
2021-05-21 00:51:05.714  INFO 9742 --- [    Test worker] org.hibernate.Version                    : HHH000412: Hibernate Core {5.3.10.Final}
2021-05-21 00:51:05.715  INFO 9742 --- [    Test worker] org.hibernate.cfg.Environment            : HHH000206: hibernate.properties not found
2021-05-21 00:51:05.820  INFO 9742 --- [    Test worker] o.hibernate.annotations.common.Version   : HCANN000001: Hibernate Commons Annotations {5.0.4.Final}
2021-05-21 00:51:05.907  INFO 9742 --- [    Test worker] org.hibernate.dialect.Dialect            : HHH000400: Using dialect: org.hibernate.dialect.MySQL5Dialect
Hibernate: drop table if exists posts
Hibernate: drop table if exists user
Hibernate: create table posts (id bigint not null auto_increment, created_date datetime, modified_date datetime, author varchar(255), content TEXT not null, title varchar(500) not null, primary key (id)) engine=MyISAM
Hibernate: create table user (id bigint not null auto_increment, created_date datetime, modified_date datetime, email varchar(255) not null, name varchar(255) not null, picture varchar(255), role varchar(255) not null, primary key (id)) engine=MyISAM
2021-05-21 00:51:06.235  INFO 9742 --- [    Test worker] o.h.t.schema.internal.SchemaCreatorImpl  : HHH000476: Executing import script 'org.hibernate.tool.schema.internal.exec.ScriptSourceInputNonExistentImpl@746c0c46'
2021-05-21 00:51:06.237  INFO 9742 --- [    Test worker] j.LocalContainerEntityManagerFactoryBean : Initialized JPA EntityManagerFactory for persistence unit 'default'
2021-05-21 00:51:06.673  INFO 9742 --- [    Test worker] o.h.h.i.QueryTranslatorFactoryInitiator  : HHH000397: Using ASTQueryTranslatorFactory
2021-05-21 00:51:06.886  INFO 9742 --- [    Test worker] o.s.s.web.DefaultSecurityFilterChain     : Creating filter chain: any request, [org.springframework.security.web.context.request.async.WebAsyncManagerIntegrationFilter@45493a35, org.springframework.security.web.context.SecurityContextPersistenceFilter@281ba694, org.springframework.security.web.header.HeaderWriterFilter@3d41d00a, org.springframework.security.web.authentication.logout.LogoutFilter@50029f95, org.springframework.security.oauth2.client.web.OAuth2AuthorizationRequestRedirectFilter@79900ad, org.springframework.security.oauth2.client.web.OAuth2LoginAuthenticationFilter@45172513, org.springframework.security.web.authentication.ui.DefaultLoginPageGeneratingFilter@28216626, org.springframework.security.web.authentication.ui.DefaultLogoutPageGeneratingFilter@290c3994, org.springframework.security.web.savedrequest.RequestCacheAwareFilter@3c1dec14, org.springframework.security.web.servletapi.SecurityContextHolderAwareRequestFilter@4a97b188, org.springframework.security.web.authentication.AnonymousAuthenticationFilter@4850a5cd, org.springframework.security.web.session.SessionManagementFilter@46834ebf, org.springframework.security.web.access.ExceptionTranslationFilter@1e41893a, org.springframework.security.web.access.intercept.FilterSecurityInterceptor@61d32da5]
2021-05-21 00:51:07.059  INFO 9742 --- [    Test worker] o.s.s.concurrent.ThreadPoolTaskExecutor  : Initializing ExecutorService 'applicationTaskExecutor'
2021-05-21 00:51:07.092  WARN 9742 --- [    Test worker] aWebConfiguration$JpaWebMvcConfiguration : spring.jpa.open-in-view is enabled by default. Therefore, database queries may be performed during view rendering. Explicitly configure spring.jpa.open-in-view to disable this warning
2021-05-21 00:51:07.121  INFO 9742 --- [    Test worker] o.s.b.a.w.s.WelcomePageHandlerMapping    : Adding welcome page template: index
2021-05-21 00:51:07.294  INFO 9742 --- [    Test worker] s.a.ScheduledAnnotationBeanPostProcessor : No TaskScheduler/ScheduledExecutorService bean found for scheduled processing
2021-05-21 00:51:07.308  INFO 9742 --- [    Test worker] o.s.b.w.embedded.tomcat.TomcatWebServer  : Tomcat started on port(s): 53435 (http) with context path ''
2021-05-21 00:51:07.310  INFO 9742 --- [    Test worker] c.s.b.s.web.IndexControllerTest          : Started IndexControllerTest in 3.033 seconds (JVM running for 3.472)
2021-05-21 00:51:07.387  INFO 9742 --- [o-auto-1-exec-1] o.a.c.c.C.[Tomcat].[localhost].[/]       : Initializing Spring DispatcherServlet 'dispatcherServlet'
2021-05-21 00:51:07.387  INFO 9742 --- [o-auto-1-exec-1] o.s.web.servlet.DispatcherServlet        : Initializing Servlet 'dispatcherServlet'
2021-05-21 00:51:07.396  INFO 9742 --- [o-auto-1-exec-1] o.s.web.servlet.DispatcherServlet        : Completed initialization in 9 ms
Hibernate: select posts0_.id as id1_0_, posts0_.created_date as created_2_0_, posts0_.modified_date as modified3_0_, posts0_.author as author4_0_, posts0_.content as content5_0_, posts0_.title as title6_0_ from posts posts0_ order by posts0_.id DESC
]]></system-out>
  <system-err><![CDATA[]]></system-err>
</testsuite>
